<?xml version="1.0" encoding="UTF-8"?>
<testng-results skipped="0" failed="1" total="1" passed="0">
  <reporter-output>
  </reporter-output>
  <suite name="Default suite" duration-ms="33552" started-at="2016-11-04T08:03:22Z" finished-at="2016-11-04T08:03:55Z">
    <groups>
    </groups>
    <test name="Default test" duration-ms="33552" started-at="2016-11-04T08:03:22Z" finished-at="2016-11-04T08:03:55Z">
      <class name="com.Selenium.RoadAndFieldTest.RoadAndFieldTest">
        <test-method status="PASS" signature="beforeExecution()[pri:0, instance:com.Selenium.RoadAndFieldTest.RoadAndFieldTest@5fe2d461]" name="beforeExecution" is-config="true" duration-ms="10343" started-at="2016-11-04T13:33:22Z" finished-at="2016-11-04T13:33:32Z">
          <reporter-output>
          </reporter-output>
        </test-method> <!-- beforeExecution -->
        <test-method status="FAIL" signature="testRoadAndField1()[pri:0, instance:com.Selenium.RoadAndFieldTest.RoadAndFieldTest@5fe2d461]" name="testRoadAndField1" duration-ms="23090" started-at="2016-11-04T13:33:32Z" finished-at="2016-11-04T13:33:55Z">
          <exception class="org.openqa.selenium.WebDriverException">
            <message>
              <![CDATA[Element is not clickable at point (1238.5, 78.48333740234375). Other element would receive the click: <li id="CompanyBar" class="CompanyNavNode main-nav-field text-uppercase"></li>
Command duration or timeout: 1.17 seconds
Build info: version: '2.53.0', revision: '35ae25b1534ae328c771e0856c93e187490ca824', time: '2016-03-15 10:43:46'
System info: host: 'NODE94', ip: '10.210.1.4', os.name: 'Windows 8.1', os.arch: 'amd64', os.version: '6.3', java.version: '1.7.0_79'
Session ID: ba2c4d5f-4d21-4d76-8844-f75c5d26cf52
Driver info: org.openqa.selenium.firefox.FirefoxDriver
Capabilities [{platform=WINDOWS, acceptSslCerts=true, javascriptEnabled=true, cssSelectorsEnabled=true, databaseEnabled=true, browserName=firefox, handlesAlerts=true, nativeEvents=false, webStorageEnabled=true, rotatable=false, locationContextEnabled=true, applicationCacheEnabled=true, takesScreenshot=true, version=43.0.1}]]]>
            </message>
            <full-stacktrace>
              <![CDATA[org.openqa.selenium.WebDriverException: Element is not clickable at point (1238.5, 78.48333740234375). Other element would receive the click: <li id="CompanyBar" class="CompanyNavNode main-nav-field text-uppercase"></li>
Command duration or timeout: 1.17 seconds
Build info: version: '2.53.0', revision: '35ae25b1534ae328c771e0856c93e187490ca824', time: '2016-03-15 10:43:46'
System info: host: 'NODE94', ip: '10.210.1.4', os.name: 'Windows 8.1', os.arch: 'amd64', os.version: '6.3', java.version: '1.7.0_79'
Session ID: ba2c4d5f-4d21-4d76-8844-f75c5d26cf52
Driver info: org.openqa.selenium.firefox.FirefoxDriver
Capabilities [{platform=WINDOWS, acceptSslCerts=true, javascriptEnabled=true, cssSelectorsEnabled=true, databaseEnabled=true, browserName=firefox, handlesAlerts=true, nativeEvents=false, webStorageEnabled=true, rotatable=false, locationContextEnabled=true, applicationCacheEnabled=true, takesScreenshot=true, version=43.0.1}]
	at sun.reflect.NativeConstructorAccessorImpl.newInstance0(Native Method)
	at sun.reflect.NativeConstructorAccessorImpl.newInstance(NativeConstructorAccessorImpl.java:57)
	at sun.reflect.DelegatingConstructorAccessorImpl.newInstance(DelegatingConstructorAccessorImpl.java:45)
	at java.lang.reflect.Constructor.newInstance(Constructor.java:526)
	at org.openqa.selenium.remote.ErrorHandler.createThrowable(ErrorHandler.java:206)
	at org.openqa.selenium.remote.ErrorHandler.throwIfResponseFailed(ErrorHandler.java:158)
	at org.openqa.selenium.remote.RemoteWebDriver.execute(RemoteWebDriver.java:678)
	at org.openqa.selenium.remote.RemoteWebElement.execute(RemoteWebElement.java:327)
	at org.openqa.selenium.remote.RemoteWebElement.click(RemoteWebElement.java:85)
	at com.Selenium.RoadAndFieldPage.RoadAndField.clickOnRightArrow(RoadAndField.java:51)
	at com.Selenium.RoadAndFieldTest.RoadAndFieldTest.testRoadAndField1(RoadAndFieldTest.java:40)
	at sun.reflect.NativeMethodAccessorImpl.invoke0(Native Method)
	at sun.reflect.NativeMethodAccessorImpl.invoke(NativeMethodAccessorImpl.java:57)
	at sun.reflect.DelegatingMethodAccessorImpl.invoke(DelegatingMethodAccessorImpl.java:43)
	at java.lang.reflect.Method.invoke(Method.java:606)
	at org.testng.internal.MethodInvocationHelper.invokeMethod(MethodInvocationHelper.java:85)
	at org.testng.internal.Invoker.invokeMethod(Invoker.java:639)
	at org.testng.internal.Invoker.invokeTestMethod(Invoker.java:821)
	at org.testng.internal.Invoker.invokeTestMethods(Invoker.java:1131)
	at org.testng.internal.TestMethodWorker.invokeTestMethods(TestMethodWorker.java:124)
	at org.testng.internal.TestMethodWorker.run(TestMethodWorker.java:108)
	at org.testng.TestRunner.privateRun(TestRunner.java:773)
	at org.testng.TestRunner.run(TestRunner.java:623)
	at org.testng.SuiteRunner.runTest(SuiteRunner.java:357)
	at org.testng.SuiteRunner.runSequentially(SuiteRunner.java:352)
	at org.testng.SuiteRunner.privateRun(SuiteRunner.java:310)
	at org.testng.SuiteRunner.run(SuiteRunner.java:259)
	at org.testng.SuiteRunnerWorker.runSuite(SuiteRunnerWorker.java:52)
	at org.testng.SuiteRunnerWorker.run(SuiteRunnerWorker.java:86)
	at org.testng.TestNG.runSuitesSequentially(TestNG.java:1185)
	at org.testng.TestNG.runSuitesLocally(TestNG.java:1110)
	at org.testng.TestNG.run(TestNG.java:1018)
	at org.testng.remote.AbstractRemoteTestNG.run(AbstractRemoteTestNG.java:132)
	at org.testng.remote.RemoteTestNG.initAndRun(RemoteTestNG.java:236)
	at org.testng.remote.RemoteTestNG.main(RemoteTestNG.java:81)
]]>
            </full-stacktrace>
          </exception> <!-- org.openqa.selenium.WebDriverException -->
          <reporter-output>
          </reporter-output>
        </test-method> <!-- testRoadAndField1 -->
        <test-method status="PASS" signature="afterExecution()[pri:0, instance:com.Selenium.RoadAndFieldTest.RoadAndFieldTest@5fe2d461]" name="afterExecution" is-config="true" duration-ms="78" started-at="2016-11-04T13:33:55Z" finished-at="2016-11-04T13:33:55Z">
          <reporter-output>
          </reporter-output>
        </test-method> <!-- afterExecution -->
      </class> <!-- com.Selenium.RoadAndFieldTest.RoadAndFieldTest -->
    </test> <!-- Default test -->
  </suite> <!-- Default suite -->
</testng-results>
